\BOOKMARK [0][-]{lop.0}{\376\377\000L\000i\000s\000t\000\040\000o\000f\000\040\000p\000a\000p\000e\000r\000s}{}% 1
\BOOKMARK [0][-]{chapter.1}{\376\377\0001\000\040\000I\000n\000t\000r\000o\000d\000u\000c\000t\000i\000o\000n}{}% 2
\BOOKMARK [0][-]{chapter.2}{\376\377\0002\000\040\000T\000h\000e\000o\000r\000e\000t\000i\000c\000a\000l\000\040\000B\000a\000c\000k\000g\000r\000o\000u\000n\000d}{}% 3
\BOOKMARK [1][-]{section.2.1}{\376\377\0002\000.\0001\000\040\000M\000o\000l\000e\000c\000u\000l\000a\000r\000\040\000O\000r\000b\000i\000t\000a\000l\000\040\000T\000h\000e\000o\000r\000y}{chapter.2}% 4
\BOOKMARK [1][-]{section.2.2}{\376\377\0002\000.\0002\000\040\000O\000r\000g\000a\000n\000o\000m\000e\000t\000a\000l\000l\000i\000c\000\040\000B\000o\000n\000d\000i\000n\000g}{chapter.2}% 5
\BOOKMARK [2][-]{subsection.2.2.1}{\376\377\0002\000.\0002\000.\0001\000\040\000T\000y\000p\000e\000s\000\040\000o\000f\000\040\000O\000r\000g\000a\000n\000o\000m\000e\000t\000a\000l\000l\000i\000c\000\040\000B\000o\000n\000d\000i\000n\000g}{section.2.2}% 6
\BOOKMARK [2][-]{subsection.2.2.2}{\376\377\0002\000.\0002\000.\0002\000\040\000S\000i\000g\000m\000a\000-\000C\000o\000m\000p\000l\000e\000x\000e\000s}{section.2.2}% 7
\BOOKMARK [1][-]{section.2.3}{\376\377\0002\000.\0003\000\040\000P\000h\000o\000t\000o\000c\000h\000e\000m\000i\000c\000a\000l\000\040\000C\000-\000H\000\040\000A\000c\000t\000i\000v\000a\000t\000i\000o\000n\000\040\000u\000s\000i\000n\000g\000\040\000T\000r\000a\000n\000s\000i\000t\000i\000o\000n\000\040\000M\000e\000t\000a\000l\000\040\000C\000o\000m\000p\000l\000e\000x\000e\000s}{chapter.2}% 8
\BOOKMARK [0][-]{chapter.3}{\376\377\0003\000\040\000E\000l\000e\000c\000t\000r\000o\000n\000i\000c\000\040\000S\000t\000r\000u\000c\000t\000u\000r\000e\000\040\000M\000e\000t\000h\000o\000d\000s}{}% 9
\BOOKMARK [1][-]{section.3.1}{\376\377\0003\000.\0001\000\040\000H\000a\000r\000t\000r\000e\000e\000-\000F\000o\000c\000k\000\040\000M\000e\000t\000h\000o\000d\000s}{chapter.3}% 10
\BOOKMARK [2][-]{subsection.3.1.1}{\376\377\0003\000.\0001\000.\0001\000\040\000T\000h\000e\000\040\000E\000l\000e\000c\000t\000r\000o\000n\000i\000c\000\040\000H\000a\000m\000i\000l\000t\000o\000n\000i\000a\000n}{section.3.1}% 11
\BOOKMARK [2][-]{subsection.3.1.2}{\376\377\0003\000.\0001\000.\0002\000\040\000T\000h\000e\000\040\000"\000C\000o\000r\000r\000e\000c\000t\000"\000\040\000W\000a\000v\000e\000f\000u\000n\000c\000t\000i\000o\000n}{section.3.1}% 12
\BOOKMARK [2][-]{subsection.3.1.3}{\376\377\0003\000.\0001\000.\0003\000\040\000T\000h\000e\000\040\000H\000a\000r\000t\000r\000e\000e\000-\000F\000o\000c\000k\000\040\000P\000r\000o\000c\000e\000d\000u\000r\000e}{section.3.1}% 13
\BOOKMARK [2][-]{subsection.3.1.4}{\376\377\0003\000.\0001\000.\0004\000\040\000P\000o\000s\000t\000\040\000H\000a\000r\000t\000r\000e\000e\000-\000F\000o\000c\000k\000\040\000M\000e\000t\000h\000o\000d\000s}{section.3.1}% 14
\BOOKMARK [1][-]{section.3.2}{\376\377\0003\000.\0002\000\040\000D\000e\000n\000s\000i\000t\000y\000\040\000F\000u\000n\000c\000t\000i\000o\000n\000a\000l\000\040\000T\000h\000e\000o\000r\000y}{chapter.3}% 15
\BOOKMARK [0][-]{chapter.4}{\376\377\0004\000\040\000X\000-\000r\000a\000y\000\040\000B\000a\000s\000e\000d\000\040\000S\000p\000e\000c\000t\000r\000o\000s\000c\000o\000p\000y\000\040\000M\000e\000t\000h\000o\000d\000s}{}% 16
\BOOKMARK [1][-]{section.4.1}{\376\377\0004\000.\0001\000\040\000Q\000u\000a\000n\000t\000u\000m\000\040\000F\000o\000r\000m\000u\000l\000a\000t\000i\000o\000n\000\040\000o\000f\000\040\000X\000-\000r\000a\000y\000\040\000I\000n\000t\000e\000r\000a\000c\000t\000i\000o\000n\000s\000\040\000w\000i\000t\000h\000\040\000M\000a\000t\000t\000e\000r}{chapter.4}% 17
\BOOKMARK [2][-]{subsection.4.1.1}{\376\377\0004\000.\0001\000.\0001\000\040\000B\000a\000s\000i\000c\000\040\000P\000r\000e\000m\000i\000s\000e}{section.4.1}% 18
\BOOKMARK [2][-]{subsection.4.1.2}{\376\377\0004\000.\0001\000.\0002\000\040\000T\000h\000e\000\040\000K\000r\000a\000m\000e\000r\000s\000-\000H\000e\000i\000s\000e\000n\000b\000e\000r\000g\000-\000D\000i\000r\000a\000c\000\040\000F\000o\000r\000m\000u\000l\000a}{section.4.1}% 19
\BOOKMARK [1][-]{section.4.2}{\376\377\0004\000.\0002\000\040\000X\000-\000r\000a\000y\000\040\000A\000b\000s\000o\000r\000p\000t\000i\000o\000n\000\040\000S\000p\000e\000c\000t\000r\000o\000s\000c\000o\000p\000y}{chapter.4}% 20
\BOOKMARK [1][-]{section.4.3}{\376\377\0004\000.\0003\000\040\000R\000e\000s\000o\000n\000a\000n\000t\000\040\000I\000n\000e\000l\000a\000s\000t\000i\000c\000\040\000X\000-\000r\000a\000y\000\040\000S\000c\000a\000t\000t\000e\000r\000i\000n\000g}{chapter.4}% 21
\BOOKMARK [1][-]{section.4.4}{\376\377\0004\000.\0004\000\040\000T\000i\000m\000e\000-\000r\000e\000s\000o\000l\000v\000e\000d\000\040\000S\000p\000e\000c\000t\000r\000o\000s\000c\000o\000p\000y}{chapter.4}% 22
\BOOKMARK [1][-]{section.4.5}{\376\377\0004\000.\0005\000\040\000X\000-\000r\000a\000y\000\040\000S\000o\000u\000r\000c\000e\000s}{chapter.4}% 23
\BOOKMARK [2][-]{subsection.4.5.1}{\376\377\0004\000.\0005\000.\0001\000\040\000S\000y\000n\000c\000h\000r\000o\000t\000r\000o\000n\000\040\000R\000a\000d\000i\000a\000t\000i\000o\000n}{section.4.5}% 24
\BOOKMARK [2][-]{subsection.4.5.2}{\376\377\0004\000.\0005\000.\0002\000\040\000F\000r\000e\000e\000\040\000E\000l\000e\000c\000t\000r\000o\000n\000\040\000L\000a\000s\000e\000r\000s}{section.4.5}% 25
\BOOKMARK [0][-]{chapter.5}{\376\377\0005\000\040\000R\000e\000s\000u\000l\000t\000s}{}% 26
\BOOKMARK [1][-]{section.5.1}{\376\377\0005\000.\0001\000\040\000P\000a\000p\000e\000r\000\040\000I\000:\000\040\000T\000i\000m\000e\000-\000r\000e\000s\000o\000l\000v\000e\000d\000\040\000R\000e\000s\000o\000n\000s\000a\000n\000t\000\040\000I\000n\000e\000l\000a\000s\000t\000i\000c\000\040\000X\000-\000r\000a\000y\000\040\000S\000c\000a\000t\000t\000e\000r\000i\000n\000g\000\040\000r\000e\000v\000e\000a\000l\000s\000\040\000h\000o\000w\000\040\000M\000o\000l\000e\000c\000u\000l\000a\000r\000\040\000O\000r\000b\000i\000t\000a\000l\000\040\000S\000y\000m\000m\000e\000t\000r\000y\000\040\000A\000l\000i\000g\000n\000m\000e\000n\000t\000\040\000e\000n\000a\000b\000l\000e\000s\000\040\000C\000-\000H\000\040\000A\000c\000t\000i\000v\000a\000t\000i\000o\000n\000\040\000w\000i\000t\000h\000\040\000C\000p\000*\000R\000h\000\050\000C\000O\000\051\0002\000\040\000a\000n\000d\000\040\000C\000p\000R\000h\000\050\000C\000O\000\051\0002}{chapter.5}% 27
\BOOKMARK [0][-]{chapter.6}{\376\377\0006\000\040\000D\000i\000s\000c\000u\000s\000s\000i\000o\000n\000\040\000a\000n\000d\000\040\000O\000u\000t\000l\000o\000o\000k}{}% 28
\BOOKMARK [-1][-]{section*.3}{\376\377\000R\000e\000f\000e\000r\000e\000n\000c\000e\000s}{}% 29
